<?xml version="1.0" encoding="UTF-8"?>
<!-- Generated by org.testng.reporters.JUnitReportReporter -->
<testsuite hostname="L1WW261" failures="0" tests="1" name="GetPostsTest" time="0.081" errors="0" timestamp="2021-03-18T11:09:23 CET" skipped="0">
  <testcase classname="GetPostsTest" name="getPosts" time="0.081"/>
  <system-out/>
</testsuite> <!-- GetPostsTest -->
