<?xml version="1.0" encoding="UTF-8"?>
<!-- Generated by org.testng.reporters.JUnitReportReporter -->
<testsuite hostname="L1WW261" failures="0" tests="1" name="PatchPostTest" time="0.097" errors="0" timestamp="2021-03-18T11:09:23 CET" skipped="0">
  <testcase classname="PatchPostTest" name="updatePost" time="0.097"/>
  <system-out/>
</testsuite> <!-- PatchPostTest -->
